  pch.cpp
E:\popol\TestTool\PacketScenarioTestTool\ServerCoreLib\CorePch.h(1,1): warning C4819: 현재 코드 페이지(949)에서 표시할 수 없는 문자가 파일에 들어 있습니다. 데이터가 손실되지 않게 하려면 해당 파일을 유니코드 형식으로 저장하십시오.
E:\popol\TestTool\PacketScenarioTestTool\ServerCoreLib\Define.h(1,1): warning C4819: 현재 코드 페이지(949)에서 표시할 수 없는 문자가 파일에 들어 있습니다. 데이터가 손실되지 않게 하려면 해당 파일을 유니코드 형식으로 저장하십시오.
E:\popol\TestTool\PacketScenarioTestTool\ServerCoreLib\Queue.hpp(1,1): warning C4819: 현재 코드 페이지(949)에서 표시할 수 없는 문자가 파일에 들어 있습니다. 데이터가 손실되지 않게 하려면 해당 파일을 유니코드 형식으로 저장하십시오.
E:\popol\TestTool\PacketScenarioTestTool\ServerCoreLib\ObjectPool.hpp(1,1): warning C4819: 현재 코드 페이지(949)에서 표시할 수 없는 문자가 파일에 들어 있습니다. 데이터가 손실되지 않게 하려면 해당 파일을 유니코드 형식으로 저장하십시오.
E:\popol\TestTool\PacketScenarioTestTool\ServerCoreLib\CCrashDump.h(1,1): warning C4819: 현재 코드 페이지(949)에서 표시할 수 없는 문자가 파일에 들어 있습니다. 데이터가 손실되지 않게 하려면 해당 파일을 유니코드 형식으로 저장하십시오.
E:\popol\TestTool\PacketScenarioTestTool\ServerCoreLib\ObjectPool.hpp(8,1): warning C4005: 'CRASH': 매크로 재정의
E:\popol\TestTool\PacketScenarioTestTool\ServerCoreLib\CCrashDump.h(14): message : 'CRASH'의 이전 정의를 참조하십시오.
E:\popol\TestTool\PacketScenarioTestTool\ServerCoreLib\SerializingBuffer.h(1,1): warning C4819: 현재 코드 페이지(949)에서 표시할 수 없는 문자가 파일에 들어 있습니다. 데이터가 손실되지 않게 하려면 해당 파일을 유니코드 형식으로 저장하십시오.
E:\popol\TestTool\PacketScenarioTestTool\ServerCoreLib\RingBuffer.h(1,1): warning C4819: 현재 코드 페이지(949)에서 표시할 수 없는 문자가 파일에 들어 있습니다. 데이터가 손실되지 않게 하려면 해당 파일을 유니코드 형식으로 저장하십시오.
E:\popol\TestTool\PacketScenarioTestTool\ServerCoreLib\HardWareMoniter.h(1,1): warning C4819: 현재 코드 페이지(949)에서 표시할 수 없는 문자가 파일에 들어 있습니다. 데이터가 손실되지 않게 하려면 해당 파일을 유니코드 형식으로 저장하십시오.
E:\popol\TestTool\PacketScenarioTestTool\ServerCoreLib\CParser.h(1,1): warning C4819: 현재 코드 페이지(949)에서 표시할 수 없는 문자가 파일에 들어 있습니다. 데이터가 손실되지 않게 하려면 해당 파일을 유니코드 형식으로 저장하십시오.
E:\popol\TestTool\PacketScenarioTestTool\ServerCoreLib\DBConnectionPool.h(1,1): warning C4819: 현재 코드 페이지(949)에서 표시할 수 없는 문자가 파일에 들어 있습니다. 데이터가 손실되지 않게 하려면 해당 파일을 유니코드 형식으로 저장하십시오.
E:\popol\TestTool\PacketScenarioTestTool\ServerCoreLib\ObjectPool.hpp(179,15): warning C4101: 'oldTop' :참조되지 않은 지역 변수입니다.
E:\popol\TestTool\PacketScenarioTestTool\ServerCoreLib\ObjectPool.hpp(176): message : 클래스 템플릿 멤버 함수 'DATA *CLF_ObjectPool<DATA>::AllocMemory(void)'을(를) 컴파일하는 중입니다.
          with
          [
              DATA=ObjectPool_TLS<Queue<Packet *>::NODE>::CHUNK
          ]
E:\popol\TestTool\PacketScenarioTestTool\ServerCoreLib\ObjectPool.hpp(50): message : 컴파일되는 함수 템플릿 인스턴스화 'DATA *CLF_ObjectPool<DATA>::AllocMemory(void)'에 대한 참조를 확인하세요.
          with
          [
              DATA=ObjectPool_TLS<Queue<Packet *>::NODE>::CHUNK
          ]
E:\popol\TestTool\PacketScenarioTestTool\ServerCoreLib\ObjectPool_TLS.hpp(95): message : 컴파일되는 클래스 템플릿 인스턴스화 'CLF_ObjectPool<ObjectPool_TLS<Queue<Packet *>::NODE>::CHUNK>'에 대한 참조를 확인하세요.
E:\popol\TestTool\PacketScenarioTestTool\ServerCoreLib\Queue.hpp(38): message : 컴파일되는 클래스 템플릿 인스턴스화 'ObjectPool_TLS<Queue<Packet *>::NODE>'에 대한 참조를 확인하세요.
E:\popol\TestTool\PacketScenarioTestTool\ServerCoreLib\Session.h(16): message : 컴파일되는 클래스 템플릿 인스턴스화 'Queue<Packet *>'에 대한 참조를 확인하세요.
E:\popol\TestTool\PacketScenarioTestTool\ServerCoreLib\Queue.hpp(109,4): warning C4101: 'temp' :참조되지 않은 지역 변수입니다.
E:\popol\TestTool\PacketScenarioTestTool\ServerCoreLib\Queue.hpp(107): message : 클래스 템플릿 멤버 함수 'void Queue<Packet *>::Clear(void)'을(를) 컴파일하는 중입니다.
E:\popol\TestTool\PacketScenarioTestTool\ServerCoreLib\Queue.hpp(58): message : 컴파일되는 함수 템플릿 인스턴스화 'void Queue<Packet *>::Clear(void)'에 대한 참조를 확인하세요.
E:\popol\TestTool\PacketScenarioTestTool\ServerCoreLib\Queue.hpp(44): message : 클래스 템플릿 멤버 함수 'Queue<Packet *>::Queue(void)'을(를) 컴파일하는 중입니다.
E:\popol\TestTool\PacketScenarioTestTool\ServerCoreLib\Session.h(36): message : 컴파일되는 함수 템플릿 인스턴스화 'Queue<Packet *>::Queue(void)'에 대한 참조를 확인하세요.
  CClient.cpp
E:\popol\TestTool\PacketScenarioTestTool\ServerCoreLib\CClient.cpp(1,1): warning C4819: 현재 코드 페이지(949)에서 표시할 수 없는 문자가 파일에 들어 있습니다. 데이터가 손실되지 않게 하려면 해당 파일을 유니코드 형식으로 저장하십시오.
E:\popol\TestTool\PacketScenarioTestTool\ServerCoreLib\CClient.h(1,1): warning C4819: 현재 코드 페이지(949)에서 표시할 수 없는 문자가 파일에 들어 있습니다. 데이터가 손실되지 않게 하려면 해당 파일을 유니코드 형식으로 저장하십시오.
E:\popol\TestTool\PacketScenarioTestTool\ServerCoreLib\CClient.cpp(41,19): warning C4244: '=': 'u_short'에서 'BYTE'(으)로 변환하면서 데이터가 손실될 수 있습니다.
E:\popol\TestTool\PacketScenarioTestTool\ServerCoreLib\CClient.cpp(173,20): warning C4805: '==': 연산에 'long' 형식과 'bool' 형식을 함께 사용하는 것은 안전하지 않습니다.
E:\popol\TestTool\PacketScenarioTestTool\ServerCoreLib\CClient.cpp(205,71): warning C4316: 'SESSION': 힙에 할당된 개체가 64에 맞추어져 있지 않을 수도 있습니다
E:\popol\TestTool\PacketScenarioTestTool\ServerCoreLib\CClient.cpp(244,22): warning C4551: 함수 호출에 인수 목록이 없습니다.
E:\popol\TestTool\PacketScenarioTestTool\ServerCoreLib\CClient.cpp(269,56): warning C4312: '형식 캐스트': 'unsigned int'에서 더 큰 'OVERLAPPED *'(으)로의 변환입니다.
E:\popol\TestTool\PacketScenarioTestTool\ServerCoreLib\CClient.cpp(321,20): warning C4018: '<': signed 또는 unsigned가 일치하지 않습니다.
E:\popol\TestTool\PacketScenarioTestTool\ServerCoreLib\CClient.cpp(582,78): warning C4312: '형식 캐스트': 'unsigned int'에서 더 큰 'LPOVERLAPPED'(으)로의 변환입니다.
E:\popol\TestTool\PacketScenarioTestTool\ServerCoreLib\CClient.cpp(703,44): warning C4018: '<': signed 또는 unsigned가 일치하지 않습니다.
E:\popol\TestTool\PacketScenarioTestTool\ServerCoreLib\CClient.cpp(905,63): warning C4309: '인수': 상수 값이 잘립니다.
E:\popol\TestTool\PacketScenarioTestTool\ServerCoreLib\CClient.cpp(916,20): warning C4018: '<': signed 또는 unsigned가 일치하지 않습니다.
E:\popol\TestTool\PacketScenarioTestTool\ServerCoreLib\CClient.cpp(995,1): warning C4819: 현재 코드 페이지(949)에서 표시할 수 없는 문자가 파일에 들어 있습니다. 데이터가 손실되지 않게 하려면 해당 파일을 유니코드 형식으로 저장하십시오.
E:\popol\TestTool\PacketScenarioTestTool\ServerCoreLib\ObjectPool.hpp(179,15): warning C4101: 'oldTop' :참조되지 않은 지역 변수입니다.
E:\popol\TestTool\PacketScenarioTestTool\ServerCoreLib\ObjectPool.hpp(176): message : 클래스 템플릿 멤버 함수 'DATA *CLF_ObjectPool<DATA>::AllocMemory(void)'을(를) 컴파일하는 중입니다.
          with
          [
              DATA=ObjectPool_TLS<Stack<USHORT>::NODE>::CHUNK
          ]
E:\popol\TestTool\PacketScenarioTestTool\ServerCoreLib\ObjectPool.hpp(50): message : 컴파일되는 함수 템플릿 인스턴스화 'DATA *CLF_ObjectPool<DATA>::AllocMemory(void)'에 대한 참조를 확인하세요.
          with
          [
              DATA=ObjectPool_TLS<Stack<USHORT>::NODE>::CHUNK
          ]
E:\popol\TestTool\PacketScenarioTestTool\ServerCoreLib\ObjectPool_TLS.hpp(95): message : 컴파일되는 클래스 템플릿 인스턴스화 'CLF_ObjectPool<ObjectPool_TLS<Stack<USHORT>::NODE>::CHUNK>'에 대한 참조를 확인하세요.
E:\popol\TestTool\PacketScenarioTestTool\ServerCoreLib\Stack.hpp(29): message : 컴파일되는 클래스 템플릿 인스턴스화 'ObjectPool_TLS<Stack<USHORT>::NODE>'에 대한 참조를 확인하세요.
E:\popol\TestTool\PacketScenarioTestTool\ServerCoreLib\CClient.h(142): message : 컴파일되는 클래스 템플릿 인스턴스화 'Stack<USHORT>'에 대한 참조를 확인하세요.
  CCrashDump.cpp
  CLogger.cpp
E:\popol\TestTool\PacketScenarioTestTool\ServerCoreLib\CLogger.cpp(1,1): warning C4819: 현재 코드 페이지(949)에서 표시할 수 없는 문자가 파일에 들어 있습니다. 데이터가 손실되지 않게 하려면 해당 파일을 유니코드 형식으로 저장하십시오.
  CorePch.cpp
  CParser.cpp
E:\popol\TestTool\PacketScenarioTestTool\ServerCoreLib\CParser.cpp(1,1): warning C4819: 현재 코드 페이지(949)에서 표시할 수 없는 문자가 파일에 들어 있습니다. 데이터가 손실되지 않게 하려면 해당 파일을 유니코드 형식으로 저장하십시오.
E:\popol\TestTool\PacketScenarioTestTool\ServerCoreLib\CParser.cpp(80,52): warning C4267: '=': 'size_t'에서 'int'(으)로 변환하면서 데이터가 손실될 수 있습니다.
  CServer.cpp
E:\popol\TestTool\PacketScenarioTestTool\ServerCoreLib\CServer.cpp(1,1): warning C4819: 현재 코드 페이지(949)에서 표시할 수 없는 문자가 파일에 들어 있습니다. 데이터가 손실되지 않게 하려면 해당 파일을 유니코드 형식으로 저장하십시오.
E:\popol\TestTool\PacketScenarioTestTool\ServerCoreLib\CServer.h(1,1): warning C4819: 현재 코드 페이지(949)에서 표시할 수 없는 문자가 파일에 들어 있습니다. 데이터가 손실되지 않게 하려면 해당 파일을 유니코드 형식으로 저장하십시오.
E:\popol\TestTool\PacketScenarioTestTool\ServerCoreLib\Profiler.h(1,1): warning C4819: 현재 코드 페이지(949)에서 표시할 수 없는 문자가 파일에 들어 있습니다. 데이터가 손실되지 않게 하려면 해당 파일을 유니코드 형식으로 저장하십시오.
E:\popol\TestTool\PacketScenarioTestTool\ServerCoreLib\CServer.cpp(212,71): warning C4316: 'SESSION': 힙에 할당된 개체가 64에 맞추어져 있지 않을 수도 있습니다
E:\popol\TestTool\PacketScenarioTestTool\ServerCoreLib\CServer.cpp(368,22): warning C4551: 함수 호출에 인수 목록이 없습니다.
E:\popol\TestTool\PacketScenarioTestTool\ServerCoreLib\CServer.cpp(394,63): warning C4312: '형식 캐스트': 'unsigned int'에서 더 큰 'OVERLAPPED *'(으)로의 변환입니다.
E:\popol\TestTool\PacketScenarioTestTool\ServerCoreLib\CServer.cpp(446,20): warning C4018: '<': signed 또는 unsigned가 일치하지 않습니다.
E:\popol\TestTool\PacketScenarioTestTool\ServerCoreLib\CServer.cpp(539,22): warning C4551: 함수 호출에 인수 목록이 없습니다.
E:\popol\TestTool\PacketScenarioTestTool\ServerCoreLib\CServer.cpp(618,22): warning C4551: 함수 호출에 인수 목록이 없습니다.
E:\popol\TestTool\PacketScenarioTestTool\ServerCoreLib\CServer.cpp(657,22): warning C4551: 함수 호출에 인수 목록이 없습니다.
E:\popol\TestTool\PacketScenarioTestTool\ServerCoreLib\CServer.cpp(664,20): warning C4018: '<': signed 또는 unsigned가 일치하지 않습니다.
E:\popol\TestTool\PacketScenarioTestTool\ServerCoreLib\CServer.cpp(811,85): warning C4312: '형식 캐스트': 'unsigned int'에서 더 큰 'LPOVERLAPPED'(으)로의 변환입니다.
E:\popol\TestTool\PacketScenarioTestTool\ServerCoreLib\CServer.cpp(925,44): warning C4018: '<': signed 또는 unsigned가 일치하지 않습니다.
E:\popol\TestTool\PacketScenarioTestTool\ServerCoreLib\CServer.cpp(990,1): warning C4819: 현재 코드 페이지(949)에서 표시할 수 없는 문자가 파일에 들어 있습니다. 데이터가 손실되지 않게 하려면 해당 파일을 유니코드 형식으로 저장하십시오.
E:\popol\TestTool\PacketScenarioTestTool\ServerCoreLib\CServer.cpp(1055,63): warning C4309: '인수': 상수 값이 잘립니다.
E:\popol\TestTool\PacketScenarioTestTool\ServerCoreLib\CServer.cpp(1066,20): warning C4018: '<': signed 또는 unsigned가 일치하지 않습니다.
E:\popol\TestTool\PacketScenarioTestTool\ServerCoreLib\ObjectPool.hpp(179,15): warning C4101: 'oldTop' :참조되지 않은 지역 변수입니다.
E:\popol\TestTool\PacketScenarioTestTool\ServerCoreLib\ObjectPool.hpp(176): message : 클래스 템플릿 멤버 함수 'DATA *CLF_ObjectPool<DATA>::AllocMemory(void)'을(를) 컴파일하는 중입니다.
          with
          [
              DATA=ObjectPool_TLS<Stack<USHORT>::NODE>::CHUNK
          ]
E:\popol\TestTool\PacketScenarioTestTool\ServerCoreLib\ObjectPool.hpp(50): message : 컴파일되는 함수 템플릿 인스턴스화 'DATA *CLF_ObjectPool<DATA>::AllocMemory(void)'에 대한 참조를 확인하세요.
          with
          [
              DATA=ObjectPool_TLS<Stack<USHORT>::NODE>::CHUNK
          ]
E:\popol\TestTool\PacketScenarioTestTool\ServerCoreLib\ObjectPool_TLS.hpp(95): message : 컴파일되는 클래스 템플릿 인스턴스화 'CLF_ObjectPool<ObjectPool_TLS<Stack<USHORT>::NODE>::CHUNK>'에 대한 참조를 확인하세요.
E:\popol\TestTool\PacketScenarioTestTool\ServerCoreLib\Stack.hpp(29): message : 컴파일되는 클래스 템플릿 인스턴스화 'ObjectPool_TLS<Stack<USHORT>::NODE>'에 대한 참조를 확인하세요.
E:\popol\TestTool\PacketScenarioTestTool\ServerCoreLib\CServer.h(156): message : 컴파일되는 클래스 템플릿 인스턴스화 'Stack<USHORT>'에 대한 참조를 확인하세요.
  CThread.cpp
E:\popol\TestTool\PacketScenarioTestTool\ServerCoreLib\CThread.cpp(1,1): warning C4819: 현재 코드 페이지(949)에서 표시할 수 없는 문자가 파일에 들어 있습니다. 데이터가 손실되지 않게 하려면 해당 파일을 유니코드 형식으로 저장하십시오.
  DBConnection.cpp
  DBConnectionPool.cpp
E:\popol\TestTool\PacketScenarioTestTool\ServerCoreLib\ObjectPool.hpp(179,15): warning C4101: 'oldTop' :참조되지 않은 지역 변수입니다.
E:\popol\TestTool\PacketScenarioTestTool\ServerCoreLib\ObjectPool.hpp(176): message : 클래스 템플릿 멤버 함수 'DATA *CLF_ObjectPool<DATA>::AllocMemory(void)'을(를) 컴파일하는 중입니다.
          with
          [
              DATA=ObjectPool_TLS<Stack<DBConnection *>::NODE>::CHUNK
          ]
E:\popol\TestTool\PacketScenarioTestTool\ServerCoreLib\ObjectPool.hpp(50): message : 컴파일되는 함수 템플릿 인스턴스화 'DATA *CLF_ObjectPool<DATA>::AllocMemory(void)'에 대한 참조를 확인하세요.
          with
          [
              DATA=ObjectPool_TLS<Stack<DBConnection *>::NODE>::CHUNK
          ]
E:\popol\TestTool\PacketScenarioTestTool\ServerCoreLib\ObjectPool_TLS.hpp(95): message : 컴파일되는 클래스 템플릿 인스턴스화 'CLF_ObjectPool<ObjectPool_TLS<Stack<DBConnection *>::NODE>::CHUNK>'에 대한 참조를 확인하세요.
E:\popol\TestTool\PacketScenarioTestTool\ServerCoreLib\Stack.hpp(29): message : 컴파일되는 클래스 템플릿 인스턴스화 'ObjectPool_TLS<Stack<DBConnection *>::NODE>'에 대한 참조를 확인하세요.
E:\popol\TestTool\PacketScenarioTestTool\ServerCoreLib\DBConnectionPool.h(17): message : 컴파일되는 클래스 템플릿 인스턴스화 'Stack<DBConnection *>'에 대한 참조를 확인하세요.
  HardWareMoniter.cpp
E:\popol\TestTool\PacketScenarioTestTool\ServerCoreLib\HardWareMoniter.cpp(1,1): warning C4819: 현재 코드 페이지(949)에서 표시할 수 없는 문자가 파일에 들어 있습니다. 데이터가 손실되지 않게 하려면 해당 파일을 유니코드 형식으로 저장하십시오.
E:\popol\TestTool\PacketScenarioTestTool\ServerCoreLib\HardWareMoniter.cpp(117,12): warning C4101: 'TimeDiff' :참조되지 않은 지역 변수입니다.
  MemProfiler.cpp
E:\popol\TestTool\PacketScenarioTestTool\ServerCoreLib\MemProfiler.cpp(1,1): warning C4819: 현재 코드 페이지(949)에서 표시할 수 없는 문자가 파일에 들어 있습니다. 데이터가 손실되지 않게 하려면 해당 파일을 유니코드 형식으로 저장하십시오.
E:\popol\TestTool\PacketScenarioTestTool\ServerCoreLib\MemProfiler.h(1,1): warning C4819: 현재 코드 페이지(949)에서 표시할 수 없는 문자가 파일에 들어 있습니다. 데이터가 손실되지 않게 하려면 해당 파일을 유니코드 형식으로 저장하십시오.
E:\popol\TestTool\PacketScenarioTestTool\ServerCoreLib\MemProfiler.cpp(112,35): warning C4129: 'M': 문자 이스케이프 시퀀스를 인식할 수 없습니다.
  ProcessMoniter.cpp
  Profiler.cpp
E:\popol\TestTool\PacketScenarioTestTool\ServerCoreLib\Profiler.cpp(1,1): warning C4819: 현재 코드 페이지(949)에서 표시할 수 없는 문자가 파일에 들어 있습니다. 데이터가 손실되지 않게 하려면 해당 파일을 유니코드 형식으로 저장하십시오.
E:\popol\TestTool\PacketScenarioTestTool\ServerCoreLib\Profiler.h(1,1): warning C4819: 현재 코드 페이지(949)에서 표시할 수 없는 문자가 파일에 들어 있습니다. 데이터가 손실되지 않게 하려면 해당 파일을 유니코드 형식으로 저장하십시오.
  RingBuffer.cpp
E:\popol\TestTool\PacketScenarioTestTool\ServerCoreLib\RingBuffer.cpp(1,1): warning C4819: 현재 코드 페이지(949)에서 표시할 수 없는 문자가 파일에 들어 있습니다. 데이터가 손실되지 않게 하려면 해당 파일을 유니코드 형식으로 저장하십시오.
  SerializingBuffer.cpp
E:\popol\TestTool\PacketScenarioTestTool\ServerCoreLib\SerializingBuffer.cpp(1,1): warning C4819: 현재 코드 페이지(949)에서 표시할 수 없는 문자가 파일에 들어 있습니다. 데이터가 손실되지 않게 하려면 해당 파일을 유니코드 형식으로 저장하십시오.
E:\popol\TestTool\PacketScenarioTestTool\ServerCoreLib\SerializingBuffer.cpp(151,43): warning C4244: '=': '__int64'에서 'int'(으)로 변환하면서 데이터가 손실될 수 있습니다.
E:\popol\TestTool\PacketScenarioTestTool\ServerCoreLib\SerializingBuffer.cpp(152,45): warning C4244: '=': '__int64'에서 'int'(으)로 변환하면서 데이터가 손실될 수 있습니다.
E:\popol\TestTool\PacketScenarioTestTool\ServerCoreLib\ObjectPool.hpp(179,15): warning C4101: 'oldTop' :참조되지 않은 지역 변수입니다.
E:\popol\TestTool\PacketScenarioTestTool\ServerCoreLib\ObjectPool.hpp(176): message : 클래스 템플릿 멤버 함수 'DATA *CLF_ObjectPool<DATA>::AllocMemory(void)'을(를) 컴파일하는 중입니다.
          with
          [
              DATA=ObjectPool_TLS<Packet>::CHUNK
          ]
E:\popol\TestTool\PacketScenarioTestTool\ServerCoreLib\ObjectPool.hpp(50): message : 컴파일되는 함수 템플릿 인스턴스화 'DATA *CLF_ObjectPool<DATA>::AllocMemory(void)'에 대한 참조를 확인하세요.
          with
          [
              DATA=ObjectPool_TLS<Packet>::CHUNK
          ]
E:\popol\TestTool\PacketScenarioTestTool\ServerCoreLib\ObjectPool_TLS.hpp(95): message : 컴파일되는 클래스 템플릿 인스턴스화 'CLF_ObjectPool<ObjectPool_TLS<Packet>::CHUNK>'에 대한 참조를 확인하세요.
E:\popol\TestTool\PacketScenarioTestTool\ServerCoreLib\SerializingBuffer.cpp(14): message : 컴파일되는 클래스 템플릿 인스턴스화 'ObjectPool_TLS<Packet>'에 대한 참조를 확인하세요.
  SMClient.cpp
E:\popol\TestTool\PacketScenarioTestTool\ServerCoreLib\SMClient.h(1,1): warning C4819: 현재 코드 페이지(949)에서 표시할 수 없는 문자가 파일에 들어 있습니다. 데이터가 손실되지 않게 하려면 해당 파일을 유니코드 형식으로 저장하십시오.
E:\popol\TestTool\PacketScenarioTestTool\ServerCoreLib\CClient.h(1,1): warning C4819: 현재 코드 페이지(949)에서 표시할 수 없는 문자가 파일에 들어 있습니다. 데이터가 손실되지 않게 하려면 해당 파일을 유니코드 형식으로 저장하십시오.
E:\popol\TestTool\PacketScenarioTestTool\ServerCoreLib\CommonProtocol.h(1,1): warning C4819: 현재 코드 페이지(949)에서 표시할 수 없는 문자가 파일에 들어 있습니다. 데이터가 손실되지 않게 하려면 해당 파일을 유니코드 형식으로 저장하십시오.
E:\popol\TestTool\PacketScenarioTestTool\ServerCoreLib\SMClient.cpp(35,2): warning C4065: switch문에 'default'가 있으나 'case' 레이블이 없습니다.
  코드를 생성하고 있습니다...
  ServerCoreLib.vcxproj -> E:\popol\TestTool\PacketScenarioTestTool\Output\ServerCoreLib\ServerCoreLib.lib
